2021-04-18 11:04:19 -0500: Patient.meta.versionid
2021-04-18 11:04:19 -0500: Patient.meta.lastupdated
2021-04-18 11:04:19 -0500: Patient.meta.profile
2021-04-18 11:04:19 -0500: Patient.meta.coding.code
2021-04-18 11:04:19 -0500: Patient.meta.coding
2021-04-18 11:04:19 -0500: Patient.narrative.div
2021-04-18 11:04:19 -0500: Patient.contained
2021-04-18 11:04:19 -0500: Patient.identifier.codeableconcept.coding.code
2021-04-18 11:04:19 -0500: Patient.telecom.rank
2021-04-18 11:04:19 -0500: Patient.codeableconcept.coding.code
2021-04-18 11:04:19 -0500: Patient.attachment.contenttype
2021-04-18 11:04:19 -0500: Patient.attachment.data
2021-04-18 11:04:19 -0500: Patient.attachment.url
2021-04-18 11:04:19 -0500: Patient.attachment.size
2021-04-18 11:04:19 -0500: Patient.contact.codeableconcept.coding.code
2021-04-18 11:04:19 -0500: Patient.contact.humanname.use
2021-04-18 11:04:19 -0500: Patient.contact.contactpoint.system
2021-04-18 11:04:19 -0500: Patient.contact.contactpoint.use
2021-04-18 11:04:19 -0500: Patient.contact.contactpoint.rank
2021-04-18 11:04:19 -0500: Patient.contact.gender
2021-04-18 11:04:19 -0500: Patient.communication.codeableconcept.coding.code
