2021-04-13 18:59:09 -0500: Patient.meta
2021-04-13 18:59:09 -0500: Patient.text
2021-04-13 18:59:09 -0500: Patient.contained
2021-04-13 18:59:09 -0500: Patient.identifier.period
2021-04-13 18:59:09 -0500: Patient.identifier.assigner
2021-04-13 18:59:09 -0500: Patient.name.period
2021-04-13 18:59:09 -0500: Patient.telecom.rank
2021-04-13 18:59:09 -0500: Patient.telecom.period
2021-04-13 18:59:09 -0500: Patient.address.period
2021-04-13 18:59:09 -0500: Patient.maritalStatus
2021-04-13 18:59:09 -0500: Patient.photo
2021-04-13 18:59:09 -0500: Patient.contact.relationship
2021-04-13 18:59:09 -0500: Patient.contact.name
2021-04-13 18:59:09 -0500: Patient.contact.telecom
2021-04-13 18:59:09 -0500: Patient.contact.address
2021-04-13 18:59:09 -0500: Patient.contact.gender
2021-04-13 18:59:09 -0500: Patient.contact.organization
2021-04-13 18:59:09 -0500: Patient.contact.period
2021-04-13 18:59:09 -0500: Patient.generalPractitioner
2021-04-13 18:59:09 -0500: Patient.managingOrganization
2021-04-13 18:59:09 -0500: Patient.link.other
