2021-04-17 23:49:19 -0500: Patient.meta.versionid
2021-04-17 23:49:19 -0500: Patient.meta.lastupdated
2021-04-17 23:49:19 -0500: Patient.meta.profile
2021-04-17 23:49:19 -0500: Patient.meta.security
2021-04-17 23:49:19 -0500: Patient.narrative.div
2021-04-17 23:49:19 -0500: Patient.contained
2021-04-17 23:49:19 -0500: Patient.extension.value[x]
2021-04-17 23:49:19 -0500: Patient.identifier.extension.value[x]
2021-04-17 23:49:19 -0500: Patient.identifier.codeableconcept.coding
2021-04-17 23:49:19 -0500: Patient.identifier.reference.identifier
2021-04-17 23:49:19 -0500: Patient.name.extension.value[x]
2021-04-17 23:49:19 -0500: Patient.telecom.extension.value[x]
2021-04-17 23:49:19 -0500: Patient.telecom.rank
2021-04-17 23:49:19 -0500: Patient.address.extension.value[x]
2021-04-17 23:49:19 -0500: Patient.codeableconcept.coding
2021-04-17 23:49:19 -0500: Patient.attachment.contenttype
2021-04-17 23:49:19 -0500: Patient.attachment.data
2021-04-17 23:49:19 -0500: Patient.attachment.url
2021-04-17 23:49:19 -0500: Patient.attachment.size
2021-04-17 23:49:19 -0500: Patient.contact.extension.value[x]
2021-04-17 23:49:19 -0500: Patient.contact.codeableconcept.coding
2021-04-17 23:49:19 -0500: Patient.contact.humanname.use
2021-04-17 23:49:19 -0500: Patient.contact.humanname.period
2021-04-17 23:49:19 -0500: Patient.contact.contactpoint.system
2021-04-17 23:49:19 -0500: Patient.contact.contactpoint.use
2021-04-17 23:49:19 -0500: Patient.contact.contactpoint.rank
2021-04-17 23:49:19 -0500: Patient.contact.contactpoint.period
2021-04-17 23:49:19 -0500: Patient.contact.address.period
2021-04-17 23:49:19 -0500: Patient.contact.gender
2021-04-17 23:49:19 -0500: Patient.contact.reference.identifier
2021-04-17 23:49:19 -0500: Patient.communication.extension.value[x]
2021-04-17 23:49:19 -0500: Patient.communication.codeableconcept.coding
2021-04-17 23:49:19 -0500: Patient.reference.identifier
2021-04-17 23:49:19 -0500: Patient.link.extension.value[x]
2021-04-17 23:49:19 -0500: Patient.link.reference.identifier
