2021-04-13 15:18:49 -0500: Could not fake Patient.meta
2021-04-13 15:18:49 -0500: Could not fake Patient.language
2021-04-13 15:18:49 -0500: Could not fake Patient.text
2021-04-13 15:18:49 -0500: Could not fake Patient.contained
2021-04-13 15:18:49 -0500: Could not fake Patient.identifier.period
2021-04-13 15:18:49 -0500: Could not fake Patient.identifier.assigner
2021-04-13 15:18:49 -0500: Could not fake Patient.identifier.period
2021-04-13 15:18:49 -0500: Could not fake Patient.identifier.assigner
2021-04-13 15:18:49 -0500: Could not fake Patient.identifier.period
2021-04-13 15:18:49 -0500: Could not fake Patient.identifier.assigner
2021-04-13 15:18:49 -0500: Could not fake Patient.name.period
2021-04-13 15:18:49 -0500: Could not fake Patient.name.period
2021-04-13 15:18:49 -0500: Could not fake Patient.name.period
2021-04-13 15:18:49 -0500: Could not fake Patient.telecom.system
2021-04-13 15:18:49 -0500: Could not fake Patient.telecom.use
2021-04-13 15:18:49 -0500: Could not fake Patient.telecom.rank
2021-04-13 15:18:49 -0500: Could not fake Patient.telecom.period
2021-04-13 15:18:49 -0500: Could not fake Patient.telecom.system
2021-04-13 15:18:49 -0500: Could not fake Patient.telecom.use
2021-04-13 15:18:49 -0500: Could not fake Patient.telecom.rank
2021-04-13 15:18:49 -0500: Could not fake Patient.telecom.period
2021-04-13 15:18:49 -0500: Could not fake Patient.telecom.system
2021-04-13 15:18:49 -0500: Could not fake Patient.telecom.use
2021-04-13 15:18:49 -0500: Could not fake Patient.telecom.rank
2021-04-13 15:18:49 -0500: Could not fake Patient.telecom.period
2021-04-13 15:18:49 -0500: Could not fake Patient.gender
2021-04-13 15:18:49 -0500: Could not fake Patient.address.period
2021-04-13 15:18:49 -0500: Could not fake Patient.address.period
2021-04-13 15:18:49 -0500: Could not fake Patient.address.period
2021-04-13 15:18:49 -0500: Could not fake Patient.maritalStatus
2021-04-13 15:18:49 -0500: Could not fake Patient.photo
2021-04-13 15:18:49 -0500: Could not fake Patient.contact.relationship
2021-04-13 15:18:49 -0500: Could not fake Patient.contact.name
2021-04-13 15:18:49 -0500: Could not fake Patient.contact.telecom
2021-04-13 15:18:49 -0500: Could not fake Patient.contact.address
2021-04-13 15:18:49 -0500: Could not fake Patient.contact.gender
2021-04-13 15:18:49 -0500: Could not fake Patient.contact.organization
2021-04-13 15:18:49 -0500: Could not fake Patient.contact.period
2021-04-13 15:18:49 -0500: Could not fake Patient.contact.relationship
2021-04-13 15:18:49 -0500: Could not fake Patient.contact.name
2021-04-13 15:18:49 -0500: Could not fake Patient.contact.telecom
2021-04-13 15:18:49 -0500: Could not fake Patient.contact.address
2021-04-13 15:18:49 -0500: Could not fake Patient.contact.gender
2021-04-13 15:18:49 -0500: Could not fake Patient.contact.organization
2021-04-13 15:18:49 -0500: Could not fake Patient.contact.period
2021-04-13 15:18:49 -0500: Could not fake Patient.contact.relationship
2021-04-13 15:18:49 -0500: Could not fake Patient.contact.name
2021-04-13 15:18:49 -0500: Could not fake Patient.contact.telecom
2021-04-13 15:18:49 -0500: Could not fake Patient.contact.address
2021-04-13 15:18:49 -0500: Could not fake Patient.contact.gender
2021-04-13 15:18:49 -0500: Could not fake Patient.contact.organization
2021-04-13 15:18:49 -0500: Could not fake Patient.contact.period
2021-04-13 15:18:49 -0500: Could not fake Patient.communication.language
2021-04-13 15:18:49 -0500: Could not fake Patient.communication.language
2021-04-13 15:18:49 -0500: Could not fake Patient.communication.language
2021-04-13 15:18:49 -0500: Could not fake Patient.generalPractitioner
2021-04-13 15:18:49 -0500: Could not fake Patient.managingOrganization
2021-04-13 15:18:49 -0500: Could not fake Patient.link.other
2021-04-13 15:18:49 -0500: Could not fake Patient.link.other
2021-04-13 15:18:49 -0500: Could not fake Patient.link.other
2021-04-13 15:20:19 -0500: Could not fake Patient.meta
2021-04-13 15:20:19 -0500: Could not fake Patient.language
2021-04-13 15:20:19 -0500: Could not fake Patient.text
2021-04-13 15:20:19 -0500: Could not fake Patient.contained
2021-04-13 15:20:19 -0500: Could not fake Patient.identifier.period
2021-04-13 15:20:19 -0500: Could not fake Patient.identifier.assigner
2021-04-13 15:20:19 -0500: Could not fake Patient.identifier.period
2021-04-13 15:20:19 -0500: Could not fake Patient.identifier.assigner
2021-04-13 15:20:19 -0500: Could not fake Patient.identifier.period
2021-04-13 15:20:19 -0500: Could not fake Patient.identifier.assigner
2021-04-13 15:20:19 -0500: Could not fake Patient.name.period
2021-04-13 15:20:19 -0500: Could not fake Patient.name.period
2021-04-13 15:20:19 -0500: Could not fake Patient.name.period
2021-04-13 15:20:20 -0500: Could not fake Patient.telecom.system
2021-04-13 15:20:20 -0500: Could not fake Patient.telecom.use
2021-04-13 15:20:20 -0500: Could not fake Patient.telecom.rank
2021-04-13 15:20:20 -0500: Could not fake Patient.telecom.period
2021-04-13 15:20:20 -0500: Could not fake Patient.telecom.system
2021-04-13 15:20:20 -0500: Could not fake Patient.telecom.use
2021-04-13 15:20:20 -0500: Could not fake Patient.telecom.rank
2021-04-13 15:20:20 -0500: Could not fake Patient.telecom.period
2021-04-13 15:20:20 -0500: Could not fake Patient.telecom.system
2021-04-13 15:20:20 -0500: Could not fake Patient.telecom.use
2021-04-13 15:20:20 -0500: Could not fake Patient.telecom.rank
2021-04-13 15:20:20 -0500: Could not fake Patient.telecom.period
2021-04-13 15:20:20 -0500: Could not fake Patient.gender
2021-04-13 15:20:20 -0500: Could not fake Patient.address.period
2021-04-13 15:20:20 -0500: Could not fake Patient.address.period
2021-04-13 15:20:20 -0500: Could not fake Patient.address.period
2021-04-13 15:20:20 -0500: Could not fake Patient.maritalStatus
2021-04-13 15:20:20 -0500: Could not fake Patient.photo
2021-04-13 15:20:20 -0500: Could not fake Patient.contact.relationship
2021-04-13 15:20:20 -0500: Could not fake Patient.contact.name
2021-04-13 15:20:20 -0500: Could not fake Patient.contact.telecom
2021-04-13 15:20:20 -0500: Could not fake Patient.contact.address
2021-04-13 15:20:20 -0500: Could not fake Patient.contact.gender
2021-04-13 15:20:20 -0500: Could not fake Patient.contact.organization
2021-04-13 15:20:20 -0500: Could not fake Patient.contact.period
2021-04-13 15:20:20 -0500: Could not fake Patient.contact.relationship
2021-04-13 15:20:20 -0500: Could not fake Patient.contact.name
2021-04-13 15:20:20 -0500: Could not fake Patient.contact.telecom
2021-04-13 15:20:20 -0500: Could not fake Patient.contact.address
2021-04-13 15:20:20 -0500: Could not fake Patient.contact.gender
2021-04-13 15:20:20 -0500: Could not fake Patient.contact.organization
2021-04-13 15:20:20 -0500: Could not fake Patient.contact.period
2021-04-13 15:20:20 -0500: Could not fake Patient.contact.relationship
2021-04-13 15:20:20 -0500: Could not fake Patient.contact.name
2021-04-13 15:20:20 -0500: Could not fake Patient.contact.telecom
2021-04-13 15:20:20 -0500: Could not fake Patient.contact.address
2021-04-13 15:20:20 -0500: Could not fake Patient.contact.gender
2021-04-13 15:20:20 -0500: Could not fake Patient.contact.organization
2021-04-13 15:20:20 -0500: Could not fake Patient.contact.period
2021-04-13 15:20:20 -0500: Could not fake Patient.communication.language
2021-04-13 15:20:20 -0500: Could not fake Patient.communication.language
2021-04-13 15:20:20 -0500: Could not fake Patient.communication.language
2021-04-13 15:20:20 -0500: Could not fake Patient.generalPractitioner
2021-04-13 15:20:20 -0500: Could not fake Patient.managingOrganization
2021-04-13 15:20:20 -0500: Could not fake Patient.link.other
2021-04-13 15:20:20 -0500: Could not fake Patient.link.other
2021-04-13 15:20:20 -0500: Could not fake Patient.link.other
